[2025-07-14_18:45:43] Tool: mcp__skogai-think__think Session: 
[2025-07-14_18:45:51] Tool: Bash Session: 
[2025-07-14_18:46:06] Tool: Bash Session: 
[2025-07-14_18:46:17] Tool: Bash Session: 
[2025-07-14_18:46:29] Tool: Bash Session: 
[2025-07-14_18:46:35] Tool: Read Session: 
[2025-07-14_18:46:49] Tool: Bash Session: 
[2025-07-14_18:48:21] Tool: Bash Session: 
[2025-07-14_18:54:14] Tool: TodoWrite Session: 
[2025-07-14_18:54:21] Tool: TodoWrite Session: 
[2025-07-14_18:54:26] Tool: Bash Session: 
[2025-07-14_18:55:00] Tool: TodoWrite Session: 
[2025-07-14_18:55:11] Tool: Write Session: 
[2025-07-14_18:56:05] Tool: Write Session: 
[2025-07-14_18:56:17] Tool: TodoWrite Session: 
[2025-07-14_18:56:26] Tool: Write Session: 
[2025-07-14_18:56:41] Tool: Write Session: 
[2025-07-14_18:56:51] Tool: Write Session: 
[2025-07-14_18:57:02] Tool: TodoWrite Session: 
[2025-07-14_18:57:11] Tool: Write Session: 
[2025-07-14_18:57:39] Tool: Write Session: 
[2025-07-14_18:57:46] Tool: TodoWrite Session: 
[2025-07-14_18:57:57] Tool: Bash Session: 
[2025-07-14_18:58:11] Tool: Bash Session: 
[2025-07-14_18:58:30] Tool: Bash Session: 
[2025-07-14_18:59:39] Tool: Bash Session: 
[2025-07-14_18:59:46] Tool: Bash Session: 
[2025-07-14_19:00:25] Tool: Bash Session: 
[2025-07-14_19:00:33] Tool: Bash Session: 
[2025-07-14_19:09:51] Tool: Bash Session: 
[2025-07-14_19:09:56] Tool: Bash Session: 
[2025-07-14_19:10:01] Tool: Bash Session: 
[2025-07-14_19:10:06] Tool: Read Session: 
[2025-07-14_19:10:10] Tool: Read Session: 
[2025-07-14_19:10:23] Tool: exit_plan_mode Session: 
[2025-07-14_19:11:34] Tool: TodoWrite Session: 
[2025-07-14_19:11:40] Tool: TodoWrite Session: 
[2025-07-14_19:11:46] Tool: Bash Session: 
[2025-07-14_19:13:16] Tool: Bash Session: 
[2025-07-14_19:13:24] Tool: Bash Session: 
[2025-07-14_19:13:30] Tool: Bash Session: 
[2025-07-14_19:13:38] Tool: TodoWrite Session: 
[2025-07-14_19:16:51] Tool: Bash Session: 
[2025-07-14_19:17:03] Tool: Bash Session: 
[2025-07-14_19:17:08] Tool: Bash Session: 
[2025-07-14_19:18:51] Tool: Bash Session: 
[2025-07-14_19:19:00] Tool: Bash Session: 
[2025-07-14_19:19:08] Tool: Bash Session: 
[2025-07-14_19:21:00] Tool: Bash Session: 
[2025-07-14_19:21:05] Tool: Read Session: 
[2025-07-14_19:21:28] Tool: Edit Session: 
[2025-07-14_19:21:35] Tool: Read Session: 
[2025-07-14_19:21:43] Tool: Edit Session: 
[2025-07-14_19:21:49] Tool: Read Session: 
[2025-07-14_19:21:57] Tool: Bash Session: 
[2025-07-14_19:22:09] Tool: Read Session: 
[2025-07-14_19:22:19] Tool: Bash Session: 
[2025-07-14_19:22:25] Tool: Bash Session: 
[2025-07-14_19:22:31] Tool: Bash Session: 
[2025-07-14_19:22:40] Tool: Bash Session: 
[2025-07-14_19:34:47] Tool: Bash Session: 
[2025-07-14_19:35:03] Tool: mcp__skogai-think__think Session: 
[2025-07-14_19:35:10] Tool: Read Session: 
[2025-07-14_19:35:14] Tool: Read Session: 
[2025-07-14_19:35:21] Tool: Bash Session: 
[2025-07-14_19:35:43] Tool: Glob Session: 
[2025-07-14_19:36:07] Tool: exit_plan_mode Session: 
[2025-07-14_19:38:28] Tool: mcp__skogai-think__think Session: 
[2025-07-14_19:38:38] Tool: Bash Session: 
[2025-07-14_19:38:43] Tool: Read Session: 
[2025-07-14_19:39:49] Tool: LS Session: 
[2025-07-14_19:39:54] Tool: LS Session: 
[2025-07-14_19:39:59] Tool: Bash Session: 
[2025-07-14_19:40:05] Tool: Read Session: 
[2025-07-14_19:40:09] Tool: Read Session: 
[2025-07-14_19:40:44] Tool: exit_plan_mode Session: 
[2025-07-14_19:41:37] Tool: mcp__skogai-think__think Session: 
[2025-07-14_20:40:38] Tool: Bash Session: 
[2025-07-14_20:41:15] Tool: Bash Session: 
[2025-07-14_20:41:51] Tool: Bash Session: 
[2025-07-14_20:45:32] Tool: Bash Session: 
[2025-07-14_20:45:39] Tool: LS Session: 
[2025-07-14_20:45:43] Tool: Bash Session: 
[2025-07-14_20:45:50] Tool: Read Session: 
[2025-07-14_20:49:06] Tool: Glob Session: 
[2025-07-14_20:49:10] Tool: LS Session: 
[2025-07-14_20:49:14] Tool: LS Session: 
[2025-07-14_20:49:18] Tool: Bash Session: 
[2025-07-14_20:49:25] Tool: Read Session: 
[2025-07-14_20:50:36] Tool: Read Session: 
[2025-07-14_20:50:50] Tool: Read Session: 
[2025-07-14_20:50:50] Tool: Read Session: 
[2025-07-14_20:50:50] Tool: Read Session: 
[2025-07-14_20:50:50] Tool: Read Session: 
[2025-07-14_20:52:51] Tool: mcp__skogai-think__think Session: 
[2025-07-14_20:54:15] Tool: mcp__skogai-think__think Session: 
[2025-07-14_21:01:47] Tool: mcp__skogai-think__think Session: 
[2025-07-14_21:35:33] Tool: mcp__skogai-think__think Session: 
[2025-07-14_21:35:52] Tool: Write Session: 
[2025-07-14_21:47:17] Tool: mcp__skogai-think__think Session: 
[2025-07-14_21:53:02] Tool: mcp__skogai-think__think Session: 
[2025-07-14_21:54:07] Tool: Read Session: 
[2025-07-14_21:56:38] Tool: TodoWrite Session: 
[2025-07-14_21:58:13] Tool: TodoWrite Session: 
[2025-07-14_21:58:39] Tool: Write Session: 
[2025-07-14_21:59:02] Tool: TodoWrite Session: 
[2025-07-14_22:04:08] Tool: TodoWrite Session: 
[2025-07-14_22:12:05] Tool: mcp__skogai-think__think Session: 
[2025-07-14_22:16:41] Tool: Bash Session: 
[2025-07-14_22:16:41] Tool: Bash Session: 
[2025-07-14_22:20:31] Tool: Read Session: 
[2025-07-14_22:22:39] Tool: Read Session: 
[2025-07-14_22:22:57] Tool: Edit Session: 
[2025-07-14_22:45:03] Tool: Bash Session: 
[2025-07-14_22:47:26] Tool: TodoWrite Session: 
[2025-07-14_22:47:31] Tool: TodoWrite Session: 
[2025-07-14_22:47:35] Tool: Read Session: 
[2025-07-14_22:47:41] Tool: TodoWrite Session: 
[2025-07-14_22:47:49] Tool: Task Session: 
[2025-07-14_22:47:53] Tool: LS Session: 
[2025-07-14_22:47:58] Tool: Bash Session: 
[2025-07-14_22:48:10] Tool: Bash Session: 
[2025-07-14_22:48:20] Tool: Bash Session: 
[2025-07-14_22:48:22] Tool: Bash Session: 
[2025-07-14_22:48:24] Tool: Read Session: 
[2025-07-14_22:48:24] Tool: Read Session: 
[2025-07-14_22:48:30] Tool: Read Session: 
[2025-07-14_22:48:30] Tool: Read Session: 
[2025-07-14_22:48:30] Tool: Read Session: 
[2025-07-14_22:48:30] Tool: Read Session: 
[2025-07-14_22:48:35] Tool: Read Session: 
[2025-07-14_22:48:35] Tool: Read Session: 
[2025-07-14_22:48:35] Tool: Read Session: 
[2025-07-14_22:48:40] Tool: Read Session: 
[2025-07-14_22:48:40] Tool: Read Session: 
[2025-07-14_22:48:41] Tool: Bash Session: 
[2025-07-14_22:48:46] Tool: Bash Session: 
[2025-07-14_22:48:46] Tool: Glob Session: 
[2025-07-14_22:48:53] Tool: Bash Session: 
[2025-07-14_22:48:53] Tool: Bash Session: 
[2025-07-14_22:50:05] Tool: Write Session: 
[2025-07-14_22:51:04] Tool: Bash Session: 
[2025-07-14_22:51:04] Tool: Bash Session: 
[2025-07-14_22:51:04] Tool: Bash Session: 
[2025-07-14_22:51:04] Tool: Bash Session: 
[2025-07-14_22:51:12] Tool: Bash Session: 
[2025-07-14_22:51:20] Tool: Bash Session: 
[2025-07-14_22:51:20] Tool: Bash Session: 
[2025-07-14_22:51:28] Tool: Bash Session: 
[2025-07-14_22:51:28] Tool: Bash Session: 
[2025-07-14_22:51:28] Tool: Bash Session: 
