[2025-07-14_18:45:44] Response from mcp__skogai-think__think: ...
[2025-07-14_18:45:58] Response from Bash: ...
[2025-07-14_18:46:12] Response from Bash: ...
[2025-07-14_18:46:29] Response from Bash: ...
[2025-07-14_18:46:35] Response from Read: ...
[2025-07-14_18:48:15] Response from Bash: ...
[2025-07-14_18:48:29] Response from Bash: ...
[2025-07-14_18:54:14] Response from TodoWrite: ...
[2025-07-14_18:54:21] Response from TodoWrite: ...
[2025-07-14_18:54:53] Response from Bash: ...
[2025-07-14_18:55:01] Response from TodoWrite: ...
[2025-07-14_18:55:55] Response from Write: ...
[2025-07-14_18:56:08] Response from Write: ...
[2025-07-14_18:56:17] Response from TodoWrite: ...
[2025-07-14_18:56:33] Response from Write: ...
[2025-07-14_18:56:43] Response from Write: ...
[2025-07-14_18:56:54] Response from Write: ...
[2025-07-14_18:57:02] Response from TodoWrite: ...
[2025-07-14_18:57:29] Response from Write: ...
[2025-07-14_18:57:39] Response from Write: ...
[2025-07-14_18:57:46] Response from TodoWrite: ...
[2025-07-14_18:58:01] Response from Bash: ...
[2025-07-14_18:58:24] Response from Bash: ...
[2025-07-14_18:59:39] Response from Bash: ...
[2025-07-14_19:00:19] Response from Bash: ...
[2025-07-14_19:00:26] Response from Bash: ...
[2025-07-14_19:00:33] Response from Bash: ...
[2025-07-14_19:09:51] Response from Bash: ...
[2025-07-14_19:09:56] Response from Bash: ...
[2025-07-14_19:10:01] Response from Bash: ...
[2025-07-14_19:10:06] Response from Read: ...
[2025-07-14_19:10:10] Response from Read: ...
[2025-07-14_19:11:27] Response from exit_plan_mode: ...
[2025-07-14_19:11:34] Response from TodoWrite: ...
[2025-07-14_19:11:40] Response from TodoWrite: ...
[2025-07-14_19:13:11] Response from Bash: ...
[2025-07-14_19:13:16] Response from Bash: ...
[2025-07-14_19:13:25] Response from Bash: ...
[2025-07-14_19:13:30] Response from Bash: ...
[2025-07-14_19:13:39] Response from TodoWrite: ...
[2025-07-14_19:16:43] Response from Bash: ...
[2025-07-14_19:17:03] Response from Bash: ...
[2025-07-14_19:19:01] Response from Bash: ...
[2025-07-14_19:21:01] Response from Bash: ...
[2025-07-14_19:21:06] Response from Read: ...
[2025-07-14_19:21:29] Response from Edit: ...
[2025-07-14_19:21:35] Response from Read: ...
[2025-07-14_19:21:43] Response from Edit: ...
[2025-07-14_19:21:49] Response from Read: ...
[2025-07-14_19:22:04] Response from Bash: ...
[2025-07-14_19:22:09] Response from Read: ...
[2025-07-14_19:22:19] Response from Bash: ...
[2025-07-14_19:22:25] Response from Bash: ...
[2025-07-14_19:22:33] Response from Bash: ...
[2025-07-14_19:22:51] Response from Bash: ...
[2025-07-14_19:34:47] Response from Bash: ...
[2025-07-14_19:35:03] Response from mcp__skogai-think__think: ...
[2025-07-14_19:35:10] Response from Read: ...
[2025-07-14_19:35:14] Response from Read: ...
[2025-07-14_19:35:38] Response from Bash: ...
[2025-07-14_19:35:43] Response from Glob: ...
[2025-07-14_19:38:28] Response from mcp__skogai-think__think: ...
[2025-07-14_19:38:39] Response from Bash: ...
[2025-07-14_19:38:43] Response from Read: ...
[2025-07-14_19:39:49] Response from LS: ...
[2025-07-14_19:39:54] Response from LS: ...
[2025-07-14_19:40:00] Response from Bash: ...
[2025-07-14_19:40:05] Response from Read: ...
[2025-07-14_19:40:09] Response from Read: ...
[2025-07-14_19:41:37] Response from mcp__skogai-think__think: ...
[2025-07-14_20:40:43] Response from Bash: ...
[2025-07-14_20:41:19] Response from Bash: ...
[2025-07-14_20:41:53] Response from Bash: ...
[2025-07-14_20:45:40] Response from LS: ...
[2025-07-14_20:45:46] Response from Bash: ...
[2025-07-14_20:45:50] Response from Read: ...
[2025-07-14_20:49:06] Response from Glob: ...
[2025-07-14_20:49:10] Response from LS: ...
[2025-07-14_20:49:14] Response from LS: ...
[2025-07-14_20:49:21] Response from Bash: ...
[2025-07-14_20:49:25] Response from Read: ...
[2025-07-14_20:50:36] Response from Read: ...
[2025-07-14_20:50:50] Response from Read: ...
[2025-07-14_20:50:50] Response from Read: ...
[2025-07-14_20:50:50] Response from Read: ...
[2025-07-14_20:50:50] Response from Read: ...
[2025-07-14_20:52:51] Response from mcp__skogai-think__think: ...
[2025-07-14_20:54:15] Response from mcp__skogai-think__think: ...
[2025-07-14_21:01:47] Response from mcp__skogai-think__think: ...
[2025-07-14_21:35:33] Response from mcp__skogai-think__think: ...
[2025-07-14_21:35:58] Response from Write: ...
[2025-07-14_21:47:17] Response from mcp__skogai-think__think: ...
[2025-07-14_21:53:03] Response from mcp__skogai-think__think: ...
[2025-07-14_21:54:07] Response from Read: ...
[2025-07-14_21:56:38] Response from TodoWrite: ...
[2025-07-14_21:58:13] Response from TodoWrite: ...
[2025-07-14_21:58:50] Response from Write: ...
[2025-07-14_21:59:03] Response from TodoWrite: ...
[2025-07-14_22:04:09] Response from TodoWrite: ...
[2025-07-14_22:12:05] Response from mcp__skogai-think__think: ...
[2025-07-14_22:16:41] Response from Bash: ...
[2025-07-14_22:16:42] Response from Bash: ...
[2025-07-14_22:20:31] Response from Read: ...
[2025-07-14_22:22:39] Response from Read: ...
[2025-07-14_22:23:00] Response from Edit: ...
[2025-07-14_22:45:03] Response from Bash: ...
[2025-07-14_22:47:26] Response from TodoWrite: ...
[2025-07-14_22:47:31] Response from TodoWrite: ...
[2025-07-14_22:47:35] Response from Read: ...
[2025-07-14_22:47:41] Response from TodoWrite: ...
[2025-07-14_22:47:54] Response from LS: ...
[2025-07-14_22:48:05] Response from Bash: ...
[2025-07-14_22:48:14] Response from Bash: ...
[2025-07-14_22:48:22] Response from Bash: ...
[2025-07-14_22:48:24] Response from Bash: ...
[2025-07-14_22:48:24] Response from Read: ...
[2025-07-14_22:48:24] Response from Read: ...
[2025-07-14_22:48:30] Response from Read: ...
[2025-07-14_22:48:30] Response from Read: ...
[2025-07-14_22:48:30] Response from Read: ...
[2025-07-14_22:48:30] Response from Read: ...
[2025-07-14_22:48:35] Response from Read: ...
[2025-07-14_22:48:35] Response from Read: ...
[2025-07-14_22:48:35] Response from Read: ...
[2025-07-14_22:48:41] Response from Read: ...
[2025-07-14_22:48:41] Response from Read: ...
[2025-07-14_22:48:46] Response from Bash: ...
[2025-07-14_22:48:46] Response from Glob: ...
[2025-07-14_22:48:53] Response from Bash: ...
[2025-07-14_22:50:15] Response from Write: ...
[2025-07-14_22:51:04] Response from Bash: ...
[2025-07-14_22:51:04] Response from Bash: ...
[2025-07-14_22:51:04] Response from Bash: ...
[2025-07-14_22:51:04] Response from Bash: ...
[2025-07-14_22:51:22] Response from Bash: ...
[2025-07-14_22:51:28] Response from Bash: ...
[2025-07-14_22:51:29] Response from Bash: ...
[2025-07-14_22:51:29] Response from Bash: ...
